<?xml version="1.0" encoding="UTF-8"?>
<!-- Generated by org.testng.reporters.JUnitReportReporter -->
<testsuite hostname="KING" failures="0" tests="1" name="pom_ActiTime_Testcases.login_testcase2" time="65.037" errors="0" timestamp="2021-02-17T16:03:46 IST" skipped="0">
  <testcase classname="pom_ActiTime_Testcases.login_testcase2" name="loginpage" time="65.037"/>
  <system-out/>
</testsuite> <!-- pom_ActiTime_Testcases.login_testcase2 -->
