<?xml version="1.0" encoding="UTF-8"?>
<!-- Generated by org.testng.reporters.JUnitReportReporter -->
<testsuite hostname="KING" failures="0" tests="2" name="demo.Test_NG" time="0.019" errors="0" timestamp="2021-02-12T22:00:20 IST" skipped="0">
  <testcase classname="demo.Test_NG" name="doc" time="0.017"/>
  <system-out/>
  <testcase classname="demo.Test_NG" name="cod" time="0.002"/>
  <system-out/>
</testsuite> <!-- demo.Test_NG -->
