<?xml version="1.0" encoding="UTF-8"?>
<!-- Generated by org.testng.reporters.JUnitReportReporter -->
<testsuite hostname="KING" failures="0" tests="1" name="pom_OrangeHRM_Testcases.login_testcase" time="10.709" errors="0" timestamp="2021-02-17T12:15:01 IST" skipped="0">
  <testcase classname="pom_OrangeHRM_Testcases.login_testcase" name="loginpage" time="10.709"/>
  <system-out/>
</testsuite> <!-- pom_OrangeHRM_Testcases.login_testcase -->
