<?xml version="1.0" encoding="UTF-8"?>
<!-- Generated by org.testng.reporters.JUnitReportReporter -->
<testsuite hostname="KING" failures="0" tests="1" name="test_cases.login_tc" time="13.721" errors="0" timestamp="2021-02-19T11:46:46 IST" skipped="0">
  <testcase classname="test_cases.login_tc" name="logintest" time="13.721"/>
  <system-out/>
</testsuite> <!-- test_cases.login_tc -->
